-------------------------------------------------------------------------------
Test set: DevFinance.Test.GoogleTeste
-------------------------------------------------------------------------------
Tests run: 1, Failures: 0, Errors: 1, Skipped: 0, Time elapsed: 36.079 s <<< FAILURE! - in DevFinance.Test.GoogleTeste
DevFinance.Test.GoogleTeste.testePesquisaEndava  Time elapsed: 36.047 s  <<< ERROR!
org.openqa.selenium.NoSuchWindowException: 
no such window: target window already closed
from unknown error: web view not found
  (Session info: chrome=130.0.6723.93)
Build info: version: '4.14.0', revision: 'e5a96349ce'
System info: os.name: 'Windows 11', os.arch: 'amd64', os.version: '10.0', java.version: '23.0.1'
Driver info: org.openqa.selenium.chrome.ChromeDriver
Command: [2cb3b3a62b4a4bc37584df9b72b85a3e, executeScript {script=window.scrollBy(0, arguments[0]);, args=[20]}]
Capabilities {acceptInsecureCerts: false, browserName: chrome, browserVersion: 130.0.6723.93, chrome: {chromedriverVersion: 130.0.6723.91 (53ac07678369..., userDataDir: C:\Users\VINICI~1\AppData\L...}, fedcm:accounts: true, goog:chromeOptions: {debuggerAddress: localhost:49774}, networkConnectionEnabled: false, pageLoadStrategy: normal, platformName: windows, proxy: Proxy(), se:cdp: ws://localhost:49774/devtoo..., se:cdpVersion: 130.0.6723.93, setWindowRect: true, strictFileInteractability: false, timeouts: {implicit: 0, pageLoad: 300000, script: 30000}, unhandledPromptBehavior: dismiss and notify, webauthn:extension:credBlob: true, webauthn:extension:largeBlob: true, webauthn:extension:minPinLength: true, webauthn:extension:prf: true, webauthn:virtualAuthenticators: true}
Session ID: 2cb3b3a62b4a4bc37584df9b72b85a3e
	at DevFinance.Test.GoogleTeste.testePesquisaEndava(GoogleTeste.java:38)

